[debug] [2022-07-28T09:49:42.674Z] ----------------------------------------------------------------------
[debug] [2022-07-28T09:49:42.676Z] Command:       C:\Program Files\nodejs\node.exe C:\Users\AngJJ\AppData\Roaming\npm\node_modules\firebase-tools\lib\bin\firebase.js init
[debug] [2022-07-28T09:49:42.676Z] CLI Version:   11.4.0
[debug] [2022-07-28T09:49:42.676Z] Platform:      win32
[debug] [2022-07-28T09:49:42.677Z] Node Version:  v16.14.2
[debug] [2022-07-28T09:49:42.677Z] Time:          Thu Jul 28 2022 17:49:42 GMT+0800 (Singapore Standard Time)
[debug] [2022-07-28T09:49:42.677Z] ----------------------------------------------------------------------
[debug] 
[debug] [2022-07-28T09:49:42.685Z] > command requires scopes: ["email","openid","https://www.googleapis.com/auth/cloudplatformprojects.readonly","https://www.googleapis.com/auth/firebase","https://www.googleapis.com/auth/cloud-platform"]
[debug] [2022-07-28T09:49:42.685Z] > authorizing via signed-in user (tech@finextapp.com)
[info] 
     ######## #### ########  ######## ########     ###     ######  ########
     ##        ##  ##     ## ##       ##     ##  ##   ##  ##       ##
     ######    ##  ########  ######   ########  #########  ######  ######
     ##        ##  ##    ##  ##       ##     ## ##     ##       ## ##
     ##       #### ##     ## ######## ########  ##     ##  ######  ########

You're about to initialize a Firebase project in this directory:

  C:\Program Files\Ampps\www\finnext_commingsoon

Before we get started, keep in mind:

  * You are currently outside your home directory

[info] 
=== Project Setup
[info] 
[info] First, let's associate this project directory with a Firebase project.
[info] You can create multiple project aliases by running firebase use --add, 
[info] but for now we'll just set up a default project.
[info] 
[debug] [2022-07-28T09:50:17.751Z] > refreshing access token with scopes: []
[debug] [2022-07-28T09:50:17.753Z] >>> [apiv2][query] POST https://www.googleapis.com/oauth2/v3/token [none]
[debug] [2022-07-28T09:50:17.753Z] >>> [apiv2][body] POST https://www.googleapis.com/oauth2/v3/token [omitted]
[debug] [2022-07-28T09:50:17.872Z] <<< [apiv2][status] POST https://www.googleapis.com/oauth2/v3/token 200
[debug] [2022-07-28T09:50:17.872Z] <<< [apiv2][body] POST https://www.googleapis.com/oauth2/v3/token [omitted]
[debug] [2022-07-28T09:50:17.884Z] >>> [apiv2][query] GET https://firebase.googleapis.com/v1beta1/projects pageSize=100
[debug] [2022-07-28T09:50:18.671Z] <<< [apiv2][status] GET https://firebase.googleapis.com/v1beta1/projects 200
[debug] [2022-07-28T09:50:18.671Z] <<< [apiv2][body] GET https://firebase.googleapis.com/v1beta1/projects [omitted]
[info] i  Using project finextcommingsoon (finextcommingsoon) 
[info] 
=== Hosting Setup
[info] 
[info] Your public directory is the folder (relative to your project directory) that
[info] will contain Hosting assets to be uploaded with firebase deploy. If you
[info] have a build process for your assets, use your build's output directory.
[info] 
[info] +  Wrote public/404.html 
[debug] [2022-07-28T09:52:02.769Z] >>> [apiv2][query] GET https://www.gstatic.com/firebasejs/releases.json [none]
[debug] [2022-07-28T09:52:02.829Z] <<< [apiv2][status] GET https://www.gstatic.com/firebasejs/releases.json 200
[debug] [2022-07-28T09:52:02.830Z] <<< [apiv2][body] GET https://www.gstatic.com/firebasejs/releases.json {"current":{"version":"9.9.1","browserURL":"https://www.gstatic.com/firebasejs/9.9.1/firebase.js","packageURL":"https://www.gstatic.com/firebasejs/9.9.1/firebase.tgz"},"live":{"version":"9.9","browserURL":"https://www.gstatic.com/firebasejs/live/9.9/firebase.js","packageURL":"https://www.gstatic.com/firebasejs/live/9.9/firebase.tgz"},"components":{"analytics":"https://www.gstatic.com/firebasejs/9.9.1/firebase-analytics.js","app":"https://www.gstatic.com/firebasejs/9.9.1/firebase-app.js","app-check":"https://www.gstatic.com/firebasejs/9.9.1/firebase-app-check.js","auth":"https://www.gstatic.com/firebasejs/9.9.1/firebase-auth.js","auth/cordova":"https://www.gstatic.com/firebasejs/9.9.1/firebase-auth/cordova.js","auth/react-native":"https://www.gstatic.com/firebasejs/9.9.1/firebase-auth/react-native.js","functions":"https://www.gstatic.com/firebasejs/9.9.1/firebase-functions.js","firestore":"https://www.gstatic.com/firebasejs/9.9.1/firebase-firestore.js","firestore/lite":"https://www.gstatic.com/firebasejs/9.9.1/firebase-firestore/lite.js","installations":"https://www.gstatic.com/firebasejs/9.9.1/firebase-installations.js","storage":"https://www.gstatic.com/firebasejs/9.9.1/firebase-storage.js","performance":"https://www.gstatic.com/firebasejs/9.9.1/firebase-performance.js","remote-config":"https://www.gstatic.com/firebasejs/9.9.1/firebase-remote-config.js","messaging":"https://www.gstatic.com/firebasejs/9.9.1/firebase-messaging.js","messaging/sw":"https://www.gstatic.com/firebasejs/9.9.1/firebase-messaging/sw.js","database":"https://www.gstatic.com/firebasejs/9.9.1/firebase-database.js","firestore.memory":"https://www.gstatic.com/firebasejs/9.9.1/firebase-firestore.memory.js"}}
[info] i  Skipping write of public/index.html 
[info] 
[info] i  Didn't detect a .git folder. Assuming C:\Program Files\Ampps\www\finnext_commingsoon is the project root. 
[info] i  Authorizing with GitHub to upload your service account to a GitHub repository's secrets store. 
[info] 
[info] Visit this URL on this device to log in:
[info] https://github.com/login/oauth/authorize?client_id=89cf50f02ac6aaed3484&state=185602668&redirect_uri=http%3A%2F%2Flocalhost%3A9005&scope=read%3Auser%20repo%20public_repo
[info] 
[info] Waiting for authentication...
[debug] [2022-07-28T09:52:35.471Z] >>> [apiv2][query] POST https://github.com/login/oauth/access_token [none]
[debug] [2022-07-28T09:52:35.471Z] >>> [apiv2][body] POST https://github.com/login/oauth/access_token [stream]
[debug] [2022-07-28T09:52:35.843Z] <<< [apiv2][status] POST https://github.com/login/oauth/access_token 200
[debug] [2022-07-28T09:52:35.843Z] <<< [apiv2][body] POST https://github.com/login/oauth/access_token {"access_token":"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","token_type":"bearer","scope":"read:user,repo"}
[debug] [2022-07-28T09:52:35.849Z] >>> [apiv2][query] GET https://api.github.com/user [none]
[debug] [2022-07-28T09:52:36.223Z] <<< [apiv2][status] GET https://api.github.com/user 200
[debug] [2022-07-28T09:52:36.223Z] <<< [apiv2][body] GET https://api.github.com/user {"login":"AngJJ59","id":55480129,"node_id":"MDQ6VXNlcjU1NDgwMTI5","avatar_url":"https://avatars.githubusercontent.com/u/55480129?v=4","gravatar_id":"","url":"https://api.github.com/users/AngJJ59","html_url":"https://github.com/AngJJ59","followers_url":"https://api.github.com/users/AngJJ59/followers","following_url":"https://api.github.com/users/AngJJ59/following{/other_user}","gists_url":"https://api.github.com/users/AngJJ59/gists{/gist_id}","starred_url":"https://api.github.com/users/AngJJ59/starred{/owner}{/repo}","subscriptions_url":"https://api.github.com/users/AngJJ59/subscriptions","organizations_url":"https://api.github.com/users/AngJJ59/orgs","repos_url":"https://api.github.com/users/AngJJ59/repos","events_url":"https://api.github.com/users/AngJJ59/events{/privacy}","received_events_url":"https://api.github.com/users/AngJJ59/received_events","type":"User","site_admin":false,"name":"BenderAng","company":null,"blog":"","location":null,"email":null,"hireable":null,"bio":null,"twitter_username":null,"public_repos":0,"public_gists":0,"followers":1,"following":8,"created_at":"2019-09-18T07:02:54Z","updated_at":"2022-07-20T09:00:51Z","private_gists":0,"total_private_repos":8,"owned_private_repos":8,"disk_usage":34281,"collaborators":2,"two_factor_authentication":false,"plan":{"name":"free","space":976562499,"collaborators":0,"private_repos":10000}}
[info] 
[info] +  Success! Logged into GitHub as AngJJ59 
[info] 
[debug] [2022-07-28T09:53:35.627Z] >>> [apiv2][query] GET https://api.github.com/repos/AngJJ59/finextcomingsoon/actions/secrets/public-key type=owner
[debug] [2022-07-28T09:53:35.959Z] <<< [apiv2][status] GET https://api.github.com/repos/AngJJ59/finextcomingsoon/actions/secrets/public-key 404
[debug] [2022-07-28T09:53:35.959Z] <<< [apiv2][body] GET https://api.github.com/repos/AngJJ59/finextcomingsoon/actions/secrets/public-key {"message":"Not Found","documentation_url":"https://docs.github.com/rest/reference/actions#get-a-repository-public-key"}
[debug] [2022-07-28T09:54:15.454Z] >>> [apiv2][query] GET https://api.github.com/repos/AngJJ59/finextcomingsoon /actions/secrets/public-key type=owner
[debug] [2022-07-28T09:54:15.645Z] >>> [apiv2][query] GET https://api.github.com/repos//actions/secrets/public-key type=owner
[debug] [2022-07-28T09:54:15.788Z] <<< [apiv2][status] GET https://api.github.com/repos/AngJJ59/finextcomingsoon /actions/secrets/public-key 404
[debug] [2022-07-28T09:54:15.789Z] <<< [apiv2][body] GET https://api.github.com/repos/AngJJ59/finextcomingsoon /actions/secrets/public-key {"message":"Not Found","documentation_url":"https://docs.github.com/rest/reference/actions#get-a-repository-public-key"}
[debug] [2022-07-28T09:54:15.961Z] <<< [apiv2][status] GET https://api.github.com/repos//actions/secrets/public-key 404
[debug] [2022-07-28T09:54:15.961Z] <<< [apiv2][body] GET https://api.github.com/repos//actions/secrets/public-key {"message":"Not Found","documentation_url":"https://docs.github.com/rest"}
[debug] [2022-07-28T09:54:27.818Z] >>> [apiv2][query] GET https://api.github.com/repos/AngJJ59/finextcomingsoon /actions/secrets/public-key type=owner
[debug] [2022-07-28T09:54:28.136Z] <<< [apiv2][status] GET https://api.github.com/repos/AngJJ59/finextcomingsoon /actions/secrets/public-key 404
[debug] [2022-07-28T09:54:28.136Z] <<< [apiv2][body] GET https://api.github.com/repos/AngJJ59/finextcomingsoon /actions/secrets/public-key {"message":"Not Found","documentation_url":"https://docs.github.com/rest/reference/actions#get-a-repository-public-key"}
[debug] [2022-07-28T09:54:36.559Z] >>> [apiv2][query] GET https://api.github.com/repos/AngJJ59/finextcomingsoon  /actions/secrets/public-key type=owner
[debug] [2022-07-28T09:54:36.886Z] <<< [apiv2][status] GET https://api.github.com/repos/AngJJ59/finextcomingsoon  /actions/secrets/public-key 404
[debug] [2022-07-28T09:54:36.886Z] <<< [apiv2][body] GET https://api.github.com/repos/AngJJ59/finextcomingsoon  /actions/secrets/public-key {"message":"Not Found","documentation_url":"https://docs.github.com/rest/reference/actions#get-a-repository-public-key"}
[debug] [2022-07-28T09:54:37.617Z] >>> [apiv2][query] GET https://api.github.com/repos/AngJJ59/finextcomingsoon  /actions/secrets/public-key type=owner
[debug] [2022-07-28T09:54:37.937Z] <<< [apiv2][status] GET https://api.github.com/repos/AngJJ59/finextcomingsoon  /actions/secrets/public-key 404
[debug] [2022-07-28T09:54:37.937Z] <<< [apiv2][body] GET https://api.github.com/repos/AngJJ59/finextcomingsoon  /actions/secrets/public-key {"message":"Not Found","documentation_url":"https://docs.github.com/rest/reference/actions#get-a-repository-public-key"}
[debug] [2022-07-28T09:54:38.415Z] >>> [apiv2][query] GET https://api.github.com/repos/AngJJ59/finextcomingsoon  /actions/secrets/public-key type=owner
[debug] [2022-07-28T09:54:38.721Z] <<< [apiv2][status] GET https://api.github.com/repos/AngJJ59/finextcomingsoon  /actions/secrets/public-key 404
[debug] [2022-07-28T09:54:38.721Z] <<< [apiv2][body] GET https://api.github.com/repos/AngJJ59/finextcomingsoon  /actions/secrets/public-key {"message":"Not Found","documentation_url":"https://docs.github.com/rest/reference/actions#get-a-repository-public-key"}
